TN:
SF:/Users/wcy/workspace/redux-start-kit/src/index.js
FN:7,(anonymous_1)
FN:7,defineProperties
FN:7,(anonymous_3)
FN:9,_classCallCheck
FN:11,(anonymous_5)
FN:12,Calculator
FN:18,add
FN:23,sub
FN:28,mul
FN:33,div
FNF:10
FNH:10
FNDA:1,(anonymous_1)
FNDA:1,defineProperties
FNDA:1,(anonymous_3)
FNDA:2,_classCallCheck
FNDA:1,(anonymous_5)
FNDA:2,Calculator
FNDA:1,add
FNDA:1,sub
FNDA:0,mul
FNDA:0,div
DA:0,4
DA:3,1
DA:6,1
DA:9,0
DA:12,0
LF:5
LH:3
BRDA:7,1,0,4
BRDA:7,1,1,4
BRDA:7,2,0,4
BRDA:7,2,1,0
BRDA:7,3,0,1
BRDA:7,3,1,0
BRDA:7,4,0,0
BRDA:7,4,1,1
BRDA:9,5,0,0
BRDA:9,5,1,2
BRF:10
BRH:10
end_of_record
